fuel 0 162
missile 0 1
move 0 3
fuel 1 159
missile 1 1
move 1 2
fuel 2 289
missile 2 4
move 2 0
fuel 3 343
missile 3 3
move 3 3
fuel 4 458
missile 4 5
move 4 2
OK
fuel 0 1
missile 0 7
move 0 3
attack 1 0 4
move 1 2
attack 2 0 2
move 2 0
attack 3 0 6
move 3 1
move 4 0
OK
attack 0 0 6
move 0 0
move 1 1
attack 2 0 5
move 2 0
move 3 3
move 4 0
OK
move 0 1
attack 1 0 5
move 1 1
attack 2 0 2
move 2 2
attack 3 0 5
move 3 1
attack 4 0 10
move 4 0
OK
move 0 1
move 1 2
attack 2 0 4
move 2 0
attack 3 0 2
move 3 3
move 4 0
OK
attack 0 0 3
move 0 1
move 1 2
move 2 0
attack 3 0 9
move 3 3
move 4 0
OK
attack 0 0 2
move 0 1
attack 1 0 5
move 1 0
move 2 0
attack 3 0 4
move 3 1
attack 4 0 5
move 4 0
OK
attack 0 0 1
move 0 3
move 1 2
move 2 0
move 3 2
attack 4 0 2
move 4 3
OK
attack 0 0 2
move 0 3
move 1 2
attack 2 0 10
move 2 0
attack 3 0 3
move 3 1
attack 4 0 7
move 4 0
OK
attack 0 0 1
move 0 3
move 1 2
attack 2 0 8
move 2 0
move 3 2
attack 4 0 2
move 4 0
OK
attack 0 0 5
move 0 1
attack 1 0 8
move 1 2
move 2 3
attack 3 0 1
move 3 2
attack 4 0 10
move 4 3
OK
attack 0 0 4
move 0 3
attack 1 0 3
move 1 2
move 2 3
move 3 2
move 4 2
OK
attack 0 0 1
move 0 0
move 1 3
fuel 2 204
missile 2 3
move 2 3
attack 3 0 6
move 3 2
move 4 2
OK
attack 0 0 3
move 0 0
attack 1 0 8
move 1 0
move 2 3
attack 3 0 8
move 3 2
attack 4 0 1
move 4 0
OK
attack 0 0 3
move 0 2
attack 1 0 2
move 1 0
attack 2 0 6
move 2 0
move 3 2
attack 4 0 2
move 4 0
OK
move 0 3
move 1 3
attack 2 0 4
move 2 0
attack 3 0 1
move 3 0
move 4 3
OK
attack 0 0 1
move 0 0
move 1 1
attack 2 0 8
move 2 3
attack 3 0 8
move 3 2
move 4 3
OK
attack 0 0 1
move 0 3
move 1 1
move 2 3
attack 3 0 8
move 3 0
move 4 3
OK
move 0 2
move 1 1
attack 2 0 9
move 2 1
attack 3 0 3
move 3 0
move 4 3
OK
attack 0 0 1
move 0 0
fuel 1 19
missile 1 10
move 1 1
attack 2 0 4
move 2 1
move 3 2
move 4 3
OK
move 0 3
move 1 1
attack 2 0 6
move 2 1
attack 3 0 7
move 3 0
fuel 4 20
missile 4 8
move 4 3
OK
move 0 3
fuel 1 2
missile 1 10
move 1 1
attack 2 0 2
move 2 2
move 3 2
move 4 3
OK
attack 0 0 4
move 0 0
attack 1 0 9
move 1 1
attack 2 0 8
move 2 2
move 3 2
move 4 3
OK
move 0 3
attack 1 0 5
move 1 3
attack 2 0 10
move 2 1
attack 3 0 3
move 3 2
fuel 4 3
missile 4 6
move 4 3
OK
attack 0 0 7
move 0 0
attack 1 0 4
move 1 1
attack 2 0 7
move 2 1
attack 3 0 10
move 3 2
move 4 3
OK
attack 0 0 7
move 0 3
move 1 3
attack 2 0 5
move 2 1
move 3 2
fuel 4 2
missile 4 0
move 4 3
OK
attack 0 0 10
move 0 0
attack 1 0 4
move 1 1
attack 2 0 2
move 2 3
attack 3 0 4
move 3 0
attack 4 0 2
move 4 0
OK
attack 0 0 9
move 0 0
attack 1 0 1
move 1 3
attack 2 0 1
move 2 0
move 3 2
attack 4 0 2
move 4 0
OK
attack 0 0 9
move 0 2
attack 1 0 2
move 1 1
move 2 1
attack 3 0 10
move 3 0
move 4 3
OK
attack 0 0 10
move 0 2
move 1 1
attack 2 0 3
move 2 1
attack 3 0 3
move 3 0
attack 4 0 1
move 4 1
OK
attack 0 0 1
move 0 2
attack 1 0 5
move 1 1
attack 2 0 2
move 2 3
attack 3 0 5
move 3 3
attack 4 0 3
move 4 1
OK
attack 0 0 1
move 0 0
attack 1 0 8
move 1 1
attack 2 0 1
move 2 3
move 3 0
move 4 3
OK
move 0 2
attack 1 0 8
move 1 2
move 2 0
move 3 0
attack 4 0 5
move 4 1
OK
move 0 2
attack 1 0 4
move 1 1
attack 2 0 8
move 2 0
attack 3 0 2
move 3 0
attack 4 0 9
move 4 3
OK
move 0 0
attack 1 0 5
move 1 2
move 2 3
move 3 0
attack 4 0 1
move 4 1
OK
move 0 0
move 1 3
move 2 0
move 3 0
move 4 3
OK
fuel 0 35
missile 0 3
move 0 0
move 1 3
attack 2 0 4
move 2 0
attack 3 0 2
move 3 0
attack 4 0 3
move 4 1
OK
move 0 0
attack 1 0 9
move 1 3
move 2 3
attack 3 0 3
move 3 2
attack 4 0 7
move 4 1
OK
fuel 0 2
missile 0 8
move 0 0
attack 1 0 1
move 1 0
attack 2 0 4
move 2 3
move 3 2
attack 4 0 4
move 4 1
OK
attack 0 0 2
move 0 0
move 1 3
move 2 3
attack 3 0 5
move 3 1
attack 4 0 6
move 4 3
OK
move 0 2
attack 1 0 4
move 1 1
move 2 3
move 3 2
attack 4 0 10
move 4 0
OK
move 0 2
move 1 3
attack 2 0 4
move 2 0
move 3 2
move 4 3
OK
move 0 0
attack 1 0 5
move 1 0
attack 2 0 4
move 2 3
fuel 3 19
missile 3 0
move 3 2
attack 4 0 1
move 4 3
OK
move 0 0
attack 1 0 2
move 1 0
attack 2 0 8
move 2 3
move 3 2
attack 4 0 3
move 4 1
OK
attack 0 0 5
move 0 0
attack 1 0 10
move 1 0
attack 2 0 10
move 2 0
attack 3 0 5
move 3 1
move 4 3
OK
attack 0 0 8
move 0 2
attack 1 0 2
move 1 0
attack 2 0 3
move 2 0
attack 3 0 3
move 3 2
move 4 1
OK
attack 0 0 2
move 0 2
attack 1 0 1
move 1 0
attack 2 0 6
move 2 3
move 3 2
attack 4 0 7
move 4 1
OK
attack 0 0 5
move 0 1
attack 1 0 5
move 1 2
attack 2 0 3
move 2 0
move 3 2
move 4 3
OK
attack 0 0 6
move 0 2
attack 1 0 6
move 1 2
attack 2 0 5
move 2 0
move 3 2
attack 4 0 10
move 4 1
OK
attack 0 0 3
move 0 2
move 1 3
attack 2 0 9
move 2 2
attack 3 0 5
move 3 2
move 4 1
OK
attack 0 0 9
move 0 1
move 1 3
attack 2 0 5
move 2 2
move 3 2
move 4 1
OK
attack 0 0 8
move 0 1
attack 1 0 6
move 1 3
attack 2 0 4
move 2 0
move 3 2
move 4 1
OK
move 0 3
move 1 3
attack 2 0 5
move 2 3
move 3 1
attack 4 0 7
move 4 1
OK
attack 0 0 9
move 0 0
move 1 3
attack 2 0 8
move 2 3
move 3 2
attack 4 0 10
move 4 2
OK
move 0 0
attack 1 0 6
move 1 0
move 2 3
move 3 1
attack 4 0 10
move 4 2
OK
move 0 0
attack 1 0 9
move 1 3
move 2 3
attack 3 0 3
move 3 1
attack 4 0 5
move 4 0
OK
attack 0 0 7
move 0 0
attack 1 0 10
move 1 3
move 2 0
move 3 2
attack 4 0 6
move 4 0
OK
move 0 0
attack 1 0 1
move 1 0
move 2 2
move 3 2
move 4 2
OK
move 0 2
move 1 2
move 2 1
move 3 2
move 4 2
OK
move 0 2
move 1 2
move 2 1
move 3 2
move 4 2
OK
move 0 2
move 1 2
move 2 1
move 3 2
move 4 2
OK
move 0 0
fuel 1 40
missile 1 3
move 1 0
move 2 1
move 3 0
fuel 4 36
missile 4 0
move 4 0
OK
fuel 0 24
missile 0 0
move 0 0
fuel 1 1
missile 1 10
move 1 0
move 2 1
fuel 3 43
missile 3 0
move 3 0
fuel 4 1
missile 4 0
move 4 0
OK
fuel 0 1
missile 0 0
move 0 0
attack 1 0 2
move 1 0
attack 2 0 10
move 2 1
fuel 3 1
missile 3 0
move 3 2
move 4 2
OK
move 0 2
move 1 2
attack 2 0 5
move 2 2
move 3 1
move 4 1
OK
move 0 1
move 1 1
move 2 2
fuel 3 2
missile 3 10
move 3 1
move 4 1
OK
move 0 1
move 1 1
move 2 2
move 3 1
fuel 4 4
missile 4 0
move 4 1
OK
fuel 0 4
missile 0 0
move 0 1
move 1 1
attack 2 0 2
move 2 0
move 3 1
move 4 1
OK
move 0 1
fuel 1 6
missile 1 0
move 1 1
move 2 1
move 3 1
move 4 1
OK
move 0 1
move 1 1
move 2 1
move 3 1
move 4 1
OK
move 0 1
move 1 1
attack 2 0 2
move 2 1
move 3 2
move 4 2
OK
move 0 2
move 1 2
move 2 2
move 3 1
move 4 1
OK
move 0 1
move 1 1
move 2 1
move 3 1
move 4 1
OK
move 0 1
move 1 1
move 2 1
move 3 1
move 4 1
OK
move 0 1
move 1 1
fuel 2 62
missile 2 1
move 2 1
move 3 1
move 4 1
OK
move 0 1
move 1 1
fuel 2 1
missile 2 10
move 2 1
move 3 1
move 4 1
OK
move 0 1
move 1 1
move 2 1
move 3 1
move 4 1
OK
move 0 1
move 1 1
attack 2 0 2
move 2 1
move 3 2
move 4 2
OK
move 0 2
move 1 2
attack 2 0 1
move 2 2
move 3 3
move 4 3
OK
move 0 3
move 1 3
move 2 3
move 3 1
move 4 1
OK
move 0 1
move 1 1
attack 2 0 5
move 2 1
fuel 3 15
missile 3 0
move 3 1
move 4 1
OK
move 0 1
move 1 1
attack 2 0 10
move 2 1
fuel 3 1
missile 3 0
move 3 3
fuel 4 15
missile 4 0
move 4 3
OK
fuel 0 15
missile 0 0
move 0 3
move 1 3
attack 2 0 2
move 2 3
move 3 1
move 4 1
OK
move 0 1
move 1 1
attack 2 0 7
move 2 0
fuel 3 2
missile 3 1
move 3 1
move 4 1
OK
move 0 1
move 1 1
move 2 1
move 3 1
fuel 4 3
missile 4 0
move 4 1
OK
fuel 0 3
missile 0 0
move 0 1
move 1 1
attack 2 0 8
move 2 1
move 3 2
move 4 2
OK
move 0 2
fuel 1 18
missile 1 0
move 1 2
move 2 2
move 3 2
move 4 2
OK
move 0 2
move 1 2
move 2 2
move 3 1
move 4 1
OK
move 0 1
move 1 1
attack 2 0 6
move 2 0
move 3 2
move 4 2
OK
move 0 2
move 1 2
move 2 2
move 3 2
move 4 2
OK
move 0 2
move 1 2
move 2 2
fuel 3 7
missile 3 7
move 3 2
fuel 4 6
missile 4 4
move 4 2
OK
fuel 0 6
missile 0 0
move 0 2
move 1 2
move 2 2
fuel 3 1
missile 3 4
move 3 1
move 4 2
OK
move 0 2
move 1 2
fuel 2 17
missile 2 -12
move 2 1
fuel 3 1
missile 3 20
move 3 1
move 4 2
OK
move 0 2
move 1 2
move 2 1
move 3 1
fuel 4 3
missile 4 4
move 4 2
OK
fuel 0 3
missile 0 0
move 0 2
move 1 2
move 2 1
move 3 1
fuel 4 1
missile 4 0
move 4 2
OK
fuel 0 1
missile 0 0
move 0 2
fuel 1 9
missile 1 7
move 1 2
attack 2 0 6
move 2 1
attack 3 0 1
move 3 1
move 4 2
OK
move 0 2
fuel 1 1
missile 1 10
move 1 2
attack 2 0 0
move 2 2
attack 3 0 8
move 3 2
attack 4 0 3
move 4 2
OK
move 0 2
attack 1 0 5
move 1 2
attack 2 0 0
move 2 1
attack 3 0 10
move 3 1
move 4 1
OK
move 0 1
move 1 1
move 2 3
move 3 3
move 4 1
OK
move 0 1
move 1 1
attack 2 0 0
move 2 3
attack 3 0 1
move 3 3
fuel 4 5
missile 4 2
move 4 1
OK
fuel 0 5
missile 0 0
move 0 1
move 1 1
move 2 2
move 3 2
fuel 4 1
missile 4 4
move 4 1
OK
fuel 0 1
missile 0 0
move 0 1
fuel 1 5
missile 1 0
move 1 1
move 2 2
move 3 2
move 4 1
OK
move 0 1
fuel 1 1
missile 1 0
move 1 1
move 2 2
move 3 2
attack 4 0 6
move 4 1
OK
attack 0 0 5
move 0 3
move 1 3
move 2 2
move 3 2
attack 4 0 9
move 4 3
OK
attack 0 0 8
move 0 3
move 1 3
attack 2 0 0
move 2 0
attack 3 0 8
move 3 0
move 4 3
OK
move 0 3
move 1 3
move 2 3
move 3 3
move 4 3
OK
move 0 3
move 1 3
move 2 3
move 3 3
move 4 3
OK
fuel 0 6
missile 0 6
move 0 3
fuel 1 5
missile 1 6
move 1 3
move 2 3
move 3 3
move 4 3
OK
move 0 3
move 1 3
move 2 3
move 3 3
move 4 3
OK
move 0 3
move 1 3
move 2 3
move 3 3
move 4 3
OK
move 0 3
move 1 3
move 2 3
move 3 3
move 4 3
OK
fuel 0 4
missile 0 0
move 0 3
fuel 1 4
missile 1 9
move 1 3
fuel 2 19
missile 2 -6
move 2 3
fuel 3 19
missile 3 6
move 3 3
move 4 3
OK
move 0 3
move 1 3
fuel 2 1
missile 2 0
move 2 3
fuel 3 1
missile 3 10
move 3 3
fuel 4 12
missile 4 0
move 4 3
OK
move 0 3
move 1 3
fuel 2 1
missile 2 0
move 2 3
fuel 3 1
missile 3 10
move 3 3
fuel 4 1
missile 4 0
move 4 3
OK
fuel 0 3
missile 0 1
move 0 3
move 1 3
move 2 3
move 3 3
fuel 4 1
missile 4 0
move 4 3
OK
fuel 0 1
missile 0 6
move 0 3
move 1 3
move 2 3
move 3 3
move 4 3
OK
fuel 0 1
missile 0 5
move 0 3
fuel 1 5
missile 1 10
move 1 3
fuel 2 3
missile 2 0
move 2 3
fuel 3 3
missile 3 2
move 3 3
move 4 3
OK
fuel 0 1
missile 0 10
move 0 3
fuel 1 1
missile 1 3
move 1 3
move 2 3
move 3 3
fuel 4 3
missile 4 0
move 4 3
OK
move 0 3
move 1 3
move 2 1
move 3 1
move 4 3
OK
move 0 1
move 1 1
fuel 2 3
missile 2 0
move 2 1
fuel 3 3
missile 3 3
move 3 1
move 4 1
OK
move 0 1
move 1 1
attack 2 0 0
move 2 1
attack 3 0 4
move 3 1
fuel 4 3
missile 4 0
move 4 3
OK
fuel 0 4
missile 0 0
move 0 3
move 1 3
attack 2 0 0
move 2 3
attack 3 0 9
move 3 3
fuel 4 1
missile 4 5
move 4 3
OK
fuel 0 1
missile 0 0
move 0 3
move 1 3
attack 2 0 0
move 2 3
attack 3 0 5
move 3 3
attack 4 0 7
move 4 1
OK
move 0 3
move 1 3
attack 2 0 0
move 2 3
attack 3 0 9
move 3 3
move 4 3
OK
move 0 3
move 1 3
attack 2 0 0
move 2 3
attack 3 0 5
move 3 3
attack 4 0 8
move 4 3
OK
move 0 3
attack 1 0 3
move 1 3
move 2 3
move 3 3
move 4 3
OK
move 0 3
move 1 3
move 2 3
move 3 3
attack 4 0 10
move 4 3
OK
move 0 0
attack 1 0 10
move 1 0
move 2 3
move 3 3
move 4 3
OK
attack 0 0 6
move 0 3
attack 1 0 6
move 1 3
fuel 2 9
missile 2 0
move 2 3
fuel 3 9
missile 3 7
move 3 3
move 4 3
OK
move 0 3
attack 1 0 7
move 1 3
move 2 0
move 3 0
fuel 4 8
missile 4 3
move 4 0
OK
move 0 0
attack 1 0 9
move 1 0
fuel 2 2
missile 2 0
move 2 0
fuel 3 2
missile 3 0
move 3 0
fuel 4 1
missile 4 0
move 4 0
OK
move 0 0
attack 1 0 4
move 1 0
fuel 2 1
missile 2 0
move 2 3
fuel 3 1
missile 3 0
move 3 3
move 4 3
OK
move 0 3
move 1 3
move 2 3
move 3 3
move 4 3
OK
move 0 3
attack 1 0 4
move 1 3
move 2 3
move 3 3
attack 4 0 6
move 4 3
OK
move 0 3
attack 1 0 8
move 1 3
move 2 3
move 3 3
attack 4 0 9
move 4 3
OK
move 0 3
attack 1 0 9
move 1 3
attack 2 0 0
move 2 3
attack 3 0 3
move 3 3
attack 4 0 5
move 4 3
OK
attack 0 0 4
move 0 3
attack 1 0 10
move 1 0
move 2 0
move 3 0
attack 4 0 8
move 4 0
OK
move 0 3
move 1 3
move 2 3
move 3 3
attack 4 0 8
move 4 3
OK
attack 0 0 8
move 0 3
move 1 0
attack 2 0 0
move 2 3
attack 3 0 2
move 3 3
move 4 3
OK
attack 0 0 2
move 0 3
move 1 0
attack 2 0 0
move 2 3
attack 3 0 7
move 3 3
move 4 3
OK
attack 0 0 3
move 0 3
attack 1 0 6
move 1 0
move 2 3
move 3 3
attack 4 0 8
move 4 3
OK
move 0 1
attack 1 0 5
move 1 3
attack 2 0 0
move 2 1
attack 3 0 5
move 3 1
move 4 3
OK
move 0 3
move 1 3
move 2 3
move 3 3
move 4 1
OK
move 0 1
attack 1 0 6
move 1 1
attack 2 0 0
move 2 1
attack 3 0 1
move 3 1
move 4 0
OK
move 0 0
attack 1 0 6
move 1 3
move 2 2
move 3 2
move 4 0
OK
move 0 0
attack 1 0 6
move 1 1
move 2 2
move 3 2
move 4 0
OK
move 0 0
move 1 3
fuel 2 15
missile 2 0
move 2 2
fuel 3 15
missile 3 6
move 3 2
move 4 0
OK
move 0 0
attack 1 0 3
move 1 0
fuel 2 1
missile 2 0
move 2 2
fuel 3 1
missile 3 5
move 3 2
move 4 0
OK
move 0 0
attack 1 0 8
move 1 3
attack 2 0 0
move 2 1
attack 3 0 2
move 3 1
move 4 2
OK
move 0 2
move 1 2
move 2 3
move 3 3
move 4 0
OK
move 0 0
attack 1 0 1
move 1 0
move 2 3
move 3 3
move 4 0
OK
move 0 0
move 1 0
move 2 3
move 3 3
move 4 0
OK
move 0 0
attack 1 0 1
move 1 0
move 2 3
move 3 3
move 4 3
OK
move 0 3
attack 1 0 3
move 1 3
move 2 3
move 3 3
move 4 0
OK
move 0 0
attack 1 0 10
move 1 0
fuel 2 7
missile 2 0
move 2 3
fuel 3 7
missile 3 7
move 3 3
move 4 3
OK
move 0 3
attack 1 0 1
move 1 3
move 2 3
move 3 3
move 4 0
OK
move 0 0
attack 1 0 5
move 1 0
move 2 3
move 3 3
move 4 2
OK
move 0 2
attack 1 0 9
move 1 2
fuel 2 3
missile 2 0
move 2 3
fuel 3 3
missile 3 4
move 3 3
move 4 3
OK
move 0 3
move 1 3
move 2 3
move 3 3
move 4 0
OK
move 0 0
attack 1 0 2
move 1 0
move 2 3
move 3 3
move 4 2
OK
move 0 2
move 1 2
attack 2 0 0
move 2 3
attack 3 0 4
move 3 3
move 4 2
OK
move 0 2
move 1 2
move 2 3
move 3 3
move 4 2
OK
move 0 2
move 1 2
move 2 3
move 3 3
move 4 0
OK
move 0 0
attack 1 0 4
move 1 0
attack 2 0 0
move 2 0
attack 3 0 3
move 3 0
move 4 2
OK
move 0 2
move 1 2
move 2 2
move 3 2
move 4 2
OK
move 0 2
move 1 2
move 2 0
move 3 0
move 4 2
OK
move 0 2
move 1 2
attack 2 0 0
move 2 0
attack 3 0 2
move 3 0
move 4 1
OK
move 0 1
fuel 1 50
missile 1 3
move 1 1
move 2 2
move 3 2
fuel 4 37
missile 4 0
move 4 1
OK
fuel 0 46
missile 0 0
move 0 1
move 1 1
move 2 2
move 3 2
attack 4 0 5
move 4 1
OK
move 0 3
fuel 1 2
missile 1 0
move 1 2
attack 2 0 0
move 2 0
attack 3 0 4
move 3 0
move 4 3
OK
move 0 3
move 1 2
move 2 3
move 3 3
move 4 3
OK
move 0 3
fuel 1 2
missile 1 3
move 1 2
move 2 3
move 3 3
fuel 4 4
missile 4 1
move 4 3
OK
move 0 3
move 1 2
move 2 3
move 3 3
move 4 3
OK
move 0 3
move 1 0
attack 2 0 0
move 2 0
attack 3 0 8
move 3 0
move 4 3
OK
move 0 3
move 1 0
attack 2 0 0
move 2 0
attack 3 0 5
move 3 0
move 4 3
OK
move 0 3
move 1 0
move 2 3
move 3 3
move 4 3
OK
move 0 3
move 1 0
attack 2 0 0
move 2 1
attack 3 0 3
move 3 1
move 4 3
OK
move 0 3
fuel 1 6
missile 1 0
move 1 0
move 2 0
move 3 0
attack 4 0 4
move 4 3
OK
move 0 3
attack 1 0 10
move 1 0
move 2 0
move 3 0
move 4 3
OK
move 0 1
attack 1 0 6
move 1 0
move 2 0
move 3 0
attack 4 0 10
move 4 1
OK
move 0 3
move 1 3
move 2 0
move 3 0
move 4 2
OK
fuel 0 13
missile 0 7
move 0 3
move 1 3
attack 2 0 0
move 2 0
attack 3 0 1
move 3 0
move 4 2
OK
move 0 0
move 1 3
attack 2 0 0
move 2 2
attack 3 0 1
move 3 2
move 4 2
OK
attack 0 0 2
move 0 0
move 1 3
attack 2 0 0
move 2 2
attack 3 0 7
move 3 2
move 4 1
OK
move 0 3
fuel 1 7
missile 1 3
move 1 3
move 2 3
move 3 3
attack 4 0 7
move 4 1
OK
attack 0 0 1
move 0 1
move 1 3
move 2 3
move 3 3
move 4 3
OK
move 0 3
move 1 3
attack 2 0 0
move 2 0
attack 3 0 8
move 3 0
move 4 3
OK
move 0 3
move 1 3
move 2 0
move 3 0
fuel 4 16
missile 4 0
move 4 0
OK
attack 0 0 8
move 0 3
move 1 0
move 2 2
move 3 2
fuel 4 1
missile 4 6
move 4 0
OK
move 0 2
move 1 0
move 2 2
move 3 2
move 4 0
OK
move 0 2
move 1 0
fuel 2 33
missile 2 0
move 2 2
fuel 3 33
missile 3 3
move 3 2
move 4 0
OK
move 0 2
attack 1 0 6
move 1 0
move 2 2
move 3 2
move 4 0
OK
move 0 2
move 1 3
move 2 2
move 3 2
fuel 4 4
missile 4 10
move 4 0
OK
move 0 2
move 1 0
fuel 2 3
missile 2 0
move 2 0
fuel 3 3
missile 3 0
move 3 0
move 4 0
OK
move 0 0
move 1 0
move 2 0
move 3 0
move 4 0
OK
move 0 0
attack 1 0 10
move 1 0
move 2 0
move 3 0
attack 4 0 10
move 4 0
OK
move 0 0
attack 1 0 7
move 1 3
move 2 0
move 3 0
move 4 3
OK
attack 0 0 10
move 0 0
attack 1 0 5
move 1 3
move 2 3
move 3 3
move 4 2
OK
move 0 3
attack 1 0 3
move 1 0
move 2 0
move 3 0
move 4 0
OK
move 0 0
attack 1 0 2
move 1 2
move 2 0
move 3 0
move 4 0
OK
move 0 0
move 1 0
move 2 0
move 3 0
fuel 4 8
missile 4 5
move 4 0
OK
move 0 0
attack 1 0 5
move 1 0
move 2 0
move 3 0
fuel 4 1
missile 4 8
move 4 0
OK
fuel 0 21
missile 0 0
move 0 0
attack 1 0 7
move 1 0
fuel 2 9
missile 2 0
move 2 0
fuel 3 9
missile 3 0
move 3 0
fuel 4 1
missile 4 5
move 4 0
OK
fuel 0 1
missile 0 2
move 0 0
attack 1 0 4
move 1 2
fuel 2 1
missile 2 0
move 2 0
fuel 3 1
missile 3 0
move 3 0
move 4 0
OK
move 0 0
attack 1 0 5
move 1 0
move 2 0
move 3 0
attack 4 0 10
move 4 0
OK
attack 0 0 10
move 0 0
move 1 2
move 2 3
move 3 3
attack 4 0 2
move 4 2
OK
attack 0 0 3
move 0 3
attack 1 0 7
move 1 2
move 2 0
move 3 0
move 4 3
OK
attack 0 0 9
move 0 0
move 1 2
move 2 2
move 3 2
move 4 0
OK
move 0 2
move 1 1
move 2 2
move 3 2
attack 4 0 3
move 4 0
OK
move 0 2
attack 1 0 5
move 1 1
move 2 2
move 3 2
attack 4 0 4
move 4 0
OK
move 0 2
move 1 3
fuel 2 7
missile 2 0
move 2 0
fuel 3 7
missile 3 2
move 3 0
attack 4 0 5
move 4 0
OK
move 0 0
attack 1 0 6
move 1 1
move 2 0
move 3 0
attack 4 0 5
move 4 3
OK
attack 0 0 9
move 0 0
move 1 3
move 2 0
move 3 0
attack 4 0 2
move 4 1
OK
move 0 3
move 1 3
move 2 3
move 3 3
move 4 3
OK
move 0 0
move 1 3
move 2 0
move 3 0
attack 4 0 7
move 4 0
OK
move 0 0
move 1 3
move 2 0
move 3 0
attack 4 0 7
move 4 0
OK
move 0 2
attack 1 0 8
move 1 0
move 2 2
move 3 2
attack 4 0 4
move 4 2
OK
move 0 2
attack 1 0 3
move 1 3
move 2 2
move 3 2
move 4 2
OK
move 0 2
attack 1 0 2
move 1 1
move 2 0
move 3 0
attack 4 0 6
move 4 0
OK
move 0 3
move 1 3
move 2 3
move 3 3
move 4 3
OK
move 0 3
move 1 3
move 2 3
move 3 3
move 4 3
OK
move 0 3
move 1 3
attack 2 0 0
move 2 3
attack 3 0 2
move 3 3
move 4 3
OK
move 0 3
move 1 3
move 2 3
move 3 3
move 4 3
OK
move 0 3
move 1 3
move 2 0
move 3 0
attack 4 0 6
move 4 0
OK
move 0 3
move 1 3
move 2 0
move 3 0
move 4 0
OK
move 0 3
attack 1 0 5
move 1 3
move 2 0
move 3 0
attack 4 0 8
move 4 0
OK
move 0 3
move 1 3
move 2 0
move 3 0
attack 4 0 9
move 4 0
OK
move 0 0
attack 1 0 9
move 1 0
move 2 3
move 3 3
attack 4 0 5
move 4 3
OK
move 0 0
move 1 0
move 2 3
move 3 3
move 4 3
OK
move 0 0
move 1 0
attack 2 0 0
move 2 3
attack 3 0 2
move 3 3
move 4 3
OK
move 0 0
move 1 0
move 2 0
move 3 0
move 4 0
OK
move 0 0
move 1 0
move 2 0
move 3 0
move 4 0
OK
move 0 0
move 1 0
move 2 0
move 3 0
attack 4 0 9
move 4 0
OK
move 0 2
move 1 2
move 2 2
move 3 2
move 4 2
OK
move 0 2
move 1 2
fuel 2 24
missile 2 0
move 2 2
fuel 3 24
missile 3 10
move 3 2
move 4 2
OK
move 0 2
move 1 2
fuel 2 1
missile 2 0
move 2 2
fuel 3 1
missile 3 6
move 3 2
move 4 2
OK
move 0 2
move 1 2
move 2 2
move 3 2
attack 4 0 1
move 4 2
OK
move 0 2
fuel 1 53
missile 1 5
move 1 2
attack 2 0 0
move 2 2
attack 3 0 4
move 3 2
OK
fuel 0 35
missile 0 6
move 0 2
move 1 2
attack 2 0 0
move 2 2
attack 3 0 7
move 3 2
OK
move 0 0
move 1 0
move 2 0
move 3 0
OK
move 0 0
move 1 0
attack 2 0 0
move 2 0
attack 3 0 8
move 3 0
OK
move 0 3
move 1 3
attack 2 0 0
move 2 3
attack 3 0 5
move 3 3
OK
move 0 3
attack 1 0 8
move 1 3
move 2 2
move 3 2
move 4 2
OK
move 0 2
move 1 2
move 2 2
move 3 2
move 4 2
OK
move 0 2
move 1 2
move 2 2
move 3 2
move 4 2
OK
move 0 2
move 1 2
move 2 2
move 3 2
move 4 2
OK
move 0 2
move 1 2
move 2 2
move 3 2
move 4 2
OK
move 0 2
move 1 2
move 2 2
move 3 2
move 4 2
OK
fuel 0 10
missile 0 10
move 0 2
move 1 2
attack 2 0 0
move 2 2
attack 3 0 3
move 3 2
move 4 2
OK
move 0 2
move 1 2
attack 2 0 0
move 2 2
attack 3 0 8
move 3 2
fuel 4 42
missile 4 -76
move 4 2
OK
move 0 2
fuel 1 13
missile 1 81
move 1 2
attack 2 0 0
move 2 2
attack 3 0 7
move 3 2
attack 4 0 0
move 4 2
OK
fuel 0 3
missile 0 4
move 0 2
attack 1 0 3
move 1 2
attack 2 0 0
move 2 1
attack 3 0 1
move 3 1
move 4 2
OK
move 0 2
move 1 2
move 2 2
move 3 2
move 4 2
OK
move 0 2
move 1 2
move 2 2
move 3 2
move 4 2
OK
attack 0 0 4
move 0 2
move 1 2
attack 2 0 0
move 2 2
attack 3 0 6
move 3 2
move 4 2
OK
attack 0 0 2
move 0 2
move 1 2
attack 2 0 0
move 2 2
attack 3 0 5
move 3 2
move 4 2
OK
move 0 2
move 1 2
move 2 2
move 3 2
move 4 2
OK
attack 0 0 9
move 0 2
move 1 1
move 2 2
move 3 2
move 4 2
OK
attack 0 0 3
move 0 2
attack 1 0 10
move 1 1
attack 2 0 0
move 2 2
attack 3 0 3
move 3 2
move 4 2
OK
move 0 2
attack 1 0 5
move 1 2
attack 2 0 0
move 2 0
attack 3 0 3
move 3 0
move 4 1
OK
attack 0 0 8
move 0 1
move 1 2
move 2 2
move 3 2
move 4 2
OK
move 0 2
attack 1 0 6
move 1 1
move 2 2
move 3 2
attack 4 0 0
move 4 2
OK
attack 0 0 5
move 0 2
move 1 2
move 2 1
move 3 1
OK
attack 0 0 8
move 0 0
attack 1 0 2
move 1 1
move 2 2
move 3 2
move 4 2
OK
move 0 2
move 1 3
move 2 2
move 3 2
attack 4 0 0
move 4 2
OK
attack 0 0 2
move 0 2
attack 1 0 9
move 1 3
move 2 2
move 3 2
attack 4 0 0
move 4 2
OK
attack 0 0 5
move 0 2
attack 1 0 10
move 1 3
move 2 3
move 3 3
move 4 3
OK
move 0 3
move 1 3
move 2 1
move 3 1
move 4 1
OK
move 0 1
attack 1 0 5
move 1 0
move 2 1
move 3 1
move 4 1
OK
move 0 1
move 1 1
move 2 1
move 3 1
attack 4 0 0
move 4 1
OK
attack 0 0 2
move 0 1
attack 1 0 5
move 1 1
move 2 3
move 3 3
move 4 3
OK
move 0 3
move 1 3
attack 2 0 0
move 2 3
attack 3 0 5
move 3 3
attack 4 0 0
move 4 1
OK
attack 0 0 3
move 0 1
move 1 3
move 2 3
move 3 3
move 4 3
OK
move 0 3
move 1 0
move 2 3
move 3 3
move 4 3
OK
move 0 3
fuel 1 24
missile 1 -43
move 1 0
move 2 3
move 3 3
move 4 3
OK
move 0 3
attack 1 0 9
move 1 0
move 2 3
move 3 3
move 4 3
OK
