fuel 0 207
missile 0 0
move 0 2
fuel 1 75
missile 1 0
move 1 2
fuel 2 100
missile 2 0
move 2 2
fuel 3 100
missile 3 0
move 3 0
fuel 4 136
missile 4 0
move 4 2
fuel 5 32
missile 5 0
move 5 2
fuel 6 254
missile 6 0
move 6 0
fuel 7 112
missile 7 0
move 7 2
fuel 8 78
missile 8 0
move 8 3
fuel 9 263
missile 9 0
move 9 2
OK
attack 0 0 1
move 0 2
move 1 2
attack 2 0 7
move 2 1
move 3 0
attack 4 0 8
move 4 2
attack 5 0 3
move 5 2
attack 6 0 7
move 6 0
attack 7 0 4
move 7 1
attack 8 0 4
move 8 0
attack 9 0 3
move 9 2
OK
attack 0 0 8
move 0 2
attack 1 0 4
move 1 2
attack 2 0 1
move 2 2
attack 3 0 2
move 3 0
attack 4 0 5
move 4 2
attack 5 0 8
move 5 2
attack 6 0 9
move 6 0
attack 7 0 3
move 7 2
move 8 1
attack 9 0 2
move 9 2
OK
attack 0 0 10
move 0 0
attack 1 0 3
move 1 1
attack 2 0 2
move 2 2
attack 3 0 4
move 3 2
attack 4 0 7
move 4 0
move 5 1
attack 6 0 9
move 6 2
attack 7 0 4
move 7 2
attack 8 0 8
move 8 1
move 9 1
OK
attack 0 0 5
move 0 2
attack 1 0 9
move 1 3
attack 2 0 9
move 2 2
attack 3 0 7
move 3 0
move 4 2
attack 5 0 10
move 5 1
attack 6 0 2
move 6 0
attack 7 0 1
move 7 2
attack 8 0 3
move 8 3
attack 9 0 8
move 9 1
OK
move 0 2
attack 1 0 9
move 1 1
attack 2 0 10
move 2 2
attack 3 0 2
move 3 0
move 4 0
attack 5 0 10
move 5 2
attack 6 0 8
move 6 2
attack 7 0 3
move 7 0
attack 8 0 3
move 8 1
move 9 1
OK
attack 0 0 5
move 0 0
attack 1 0 7
move 1 3
move 2 1
move 3 2
attack 4 0 9
move 4 0
attack 5 0 3
move 5 1
move 6 3
attack 7 0 4
move 7 0
move 8 2
attack 9 0 6
move 9 1
OK
move 0 2
attack 1 0 3
move 1 1
attack 2 0 9
move 2 1
move 3 2
attack 4 0 9
move 4 0
attack 5 0 9
move 5 2
move 6 3
attack 7 0 3
move 7 0
attack 8 0 4
move 8 1
attack 9 0 4
move 9 1
OK
attack 0 0 5
move 0 2
move 1 2
move 2 3
move 3 0
attack 4 0 8
move 4 2
attack 5 0 5
move 5 2
attack 6 0 3
move 6 0
move 7 3
move 8 2
attack 9 0 1
move 9 2
OK
attack 0 0 5
move 0 1
move 1 2
move 2 3
attack 3 0 3
move 3 0
move 4 0
attack 5 0 1
move 5 0
move 6 3
move 7 1
move 8 2
attack 9 0 5
move 9 2
OK
attack 0 0 6
move 0 1
move 1 2
fuel 2 0
missile 2 0
move 2 3
move 3 0
move 4 0
attack 5 0 7
move 5 0
move 6 3
attack 7 0 9
move 7 1
move 8 2
move 9 3
OK
attack 0 0 4
move 0 2
attack 1 0 6
move 1 2
attack 2 0 8
move 2 0
move 3 0
attack 4 0 10
move 4 0
attack 5 0 1
move 5 3
fuel 6 0
missile 6 56
move 6 2
move 7 3
move 8 0
move 9 3
OK
attack 0 0 1
move 0 2
attack 1 0 6
move 1 0
move 2 2
attack 3 0 10
move 3 0
attack 4 0 4
move 4 0
move 5 2
move 6 0
move 7 3
fuel 8 0
missile 8 0
move 8 0
attack 9 0 1
move 9 1
OK
attack 0 0 6
move 0 1
attack 1 0 2
move 1 0
move 2 0
attack 3 0 9
move 3 0
attack 4 0 5
move 4 0
move 5 2
fuel 6 0
missile 6 0
move 6 0
move 7 3
fuel 8 0
missile 8 0
move 8 0
move 9 3
OK
attack 0 0 4
move 0 2
attack 1 0 5
move 1 0
attack 2 0 4
move 2 0
move 3 3
move 4 3
attack 5 0 4
move 5 2
move 6 2
fuel 7 0
missile 7 0
move 7 1
move 8 0
attack 9 0 4
move 9 3
OK
move 0 2
attack 1 0 10
move 1 2
move 2 3
attack 3 0 2
move 3 1
move 4 3
attack 5 0 5
move 5 1
move 6 2
attack 7 0 3
move 7 1
attack 8 0 8
move 8 0
move 9 1
OK
attack 0 0 7
move 0 2
attack 1 0 3
move 1 2
move 2 3
attack 3 0 4
move 3 1
move 4 3
attack 5 0 6
move 5 1
move 6 2
attack 7 0 6
move 7 1
attack 8 0 9
move 8 0
move 9 3
OK
attack 0 0 4
move 0 0
attack 1 0 5
move 1 1
move 2 3
move 3 3
attack 4 0 1
move 4 1
move 5 3
fuel 6 0
missile 6 0
move 6 2
attack 7 0 4
move 7 1
attack 8 0 3
move 8 2
move 9 1
OK
attack 0 0 7
move 0 2
attack 1 0 6
move 1 2
fuel 2 0
missile 2 0
move 2 3
attack 3 0 7
move 3 0
attack 4 0 1
move 4 1
attack 5 0 2
move 5 1
fuel 6 0
missile 6 0
move 6 2
attack 7 0 6
move 7 1
move 8 2
move 9 1
OK
move 0 3
attack 1 0 5
move 1 2
fuel 2 0
missile 2 0
move 2 0
attack 3 0 5
move 3 0
move 4 2
move 5 1
attack 6 0 3
move 6 2
move 7 1
attack 8 0 9
move 8 1
move 9 1
OK
attack 0 0 3
move 0 0
attack 1 0 2
move 1 2
attack 2 0 6
move 2 0
move 3 2
move 4 1
attack 5 0 2
move 5 1
move 6 0
move 7 1
attack 8 0 10
move 8 2
move 9 3
OK
attack 0 0 9
move 0 3
attack 1 0 3
move 1 1
attack 2 0 10
move 2 3
attack 3 0 6
move 3 0
attack 4 0 1
move 4 1
move 5 3
move 6 0
move 7 1
move 8 2
attack 9 0 10
move 9 3
OK
attack 0 0 8
move 0 0
attack 1 0 10
move 1 1
move 2 2
attack 3 0 2
move 3 0
move 4 3
attack 5 0 9
move 5 1
move 6 0
move 7 1
attack 8 0 10
move 8 1
attack 9 0 4
move 9 3
OK
move 0 0
move 1 3
move 2 2
attack 3 0 4
move 3 3
attack 4 0 6
move 4 1
attack 5 0 5
move 5 3
attack 6 0 1
move 6 0
attack 7 0 8
move 7 1
attack 8 0 4
move 8 2
attack 9 0 9
move 9 1
OK
attack 0 0 4
move 0 0
attack 1 0 2
move 1 0
move 2 3
move 3 3
attack 4 0 8
move 4 3
move 5 3
move 6 2
attack 7 0 6
move 7 3
attack 8 0 2
move 8 2
attack 9 0 1
move 9 1
OK
move 0 2
move 1 0
move 2 1
move 3 3
attack 4 0 8
move 4 1
move 5 3
move 6 2
move 7 1
move 8 3
move 9 3
OK
move 0 2
attack 1 0 1
move 1 0
move 2 1
fuel 3 0
missile 3 0
move 3 3
attack 4 0 4
move 4 1
move 5 3
fuel 6 0
missile 6 -4
move 6 2
attack 7 0 7
move 7 1
attack 8 0 3
move 8 1
move 9 3
OK
move 0 0
attack 1 0 9
move 1 3
fuel 2 0
missile 2 0
move 2 1
fuel 3 0
missile 3 0
move 3 0
move 4 3
move 5 0
move 6 2
move 7 2
attack 8 0 6
move 8 3
attack 9 0 9
move 9 0
OK
move 0 2
move 1 2
move 2 1
fuel 3 0
missile 3 0
move 3 0
move 4 0
move 5 3
attack 6 0 7
move 6 2
attack 7 0 1
move 7 2
move 8 2
attack 9 0 5
move 9 3
OK
move 0 0
attack 1 0 4
move 1 0
move 2 1
fuel 3 0
missile 3 0
move 3 0
attack 4 0 3
move 4 0
move 5 3
attack 6 0 10
move 6 2
move 7 3
move 8 2
move 9 3
OK
move 0 3
move 1 3
move 2 1
attack 3 0 9
move 3 0
move 4 3
move 5 1
attack 6 0 2
move 6 2
move 7 1
move 8 2
move 9 0
OK
move 0 3
attack 1 0 6
move 1 3
move 2 1
attack 3 0 5
move 3 3
move 4 3
attack 5 0 10
move 5 1
move 6 1
attack 7 0 3
move 7 1
fuel 8 0
missile 8 0
move 8 2
attack 9 0 7
move 9 0
OK
attack 0 0 3
move 0 0
move 1 0
move 2 1
attack 3 0 1
move 3 3
move 4 3
move 5 3
move 6 1
attack 7 0 10
move 7 3
fuel 8 0
missile 8 0
move 8 0
attack 9 0 8
move 9 3
OK
move 0 0
attack 1 0 0
move 1 0
move 2 1
attack 3 0 5
move 3 0
fuel 4 0
missile 4 0
move 4 0
move 5 0
move 6 3
attack 7 0 2
move 7 3
attack 8 0 7
move 8 0
attack 9 0 5
move 9 1
OK
attack 0 0 9
move 0 0
attack 1 0 0
move 1 2
attack 2 0 2
move 2 1
move 3 3
attack 4 0 7
move 4 0
move 5 3
move 6 3
move 7 0
attack 8 0 3
move 8 2
attack 9 0 9
move 9 3
OK
attack 0 0 2
move 0 2
attack 1 0 0
move 1 0
move 2 3
move 3 3
attack 4 0 8
move 4 0
move 5 3
move 6 1
move 7 0
attack 8 0 10
move 8 0
attack 9 0 8
move 9 3
OK
attack 0 0 7
move 0 0
attack 1 0 0
move 1 3
move 2 1
attack 3 0 1
move 3 0
move 4 3
fuel 5 0
missile 5 0
move 5 3
move 6 3
attack 7 0 4
move 7 0
attack 8 0 1
move 8 2
attack 9 0 3
move 9 3
OK
attack 0 0 8
move 0 3
move 1 3
attack 2 0 1
move 2 1
move 3 3
attack 4 0 1
move 4 1
move 5 0
move 6 3
move 7 3
attack 8 0 3
move 8 0
attack 9 0 9
move 9 1
OK
move 0 3
move 1 1
move 2 1
move 3 3
attack 4 0 3
move 4 1
move 5 3
fuel 6 0
missile 6 -19
move 6 3
attack 7 0 6
move 7 1
attack 8 0 1
move 8 0
move 9 3
OK
move 0 1
attack 1 0 0
move 1 1
attack 2 0 1
move 2 1
move 3 3
attack 4 0 6
move 4 3
move 5 0
fuel 6 0
missile 6 0
move 6 1
move 7 1
attack 8 0 4
move 8 0
attack 9 0 1
move 9 0
OK
attack 0 0 3
move 0 1
move 1 3
move 2 2
fuel 3 0
missile 3 0
move 3 2
move 4 3
move 5 3
fuel 6 0
missile 6 0
move 6 2
move 7 1
attack 8 0 3
move 8 2
attack 9 0 2
move 9 3
OK
move 0 3
move 1 3
move 2 2
move 3 2
move 4 3
move 5 2
move 6 2
move 7 1
attack 8 0 1
move 8 2
move 9 2
OK
move 0 3
move 1 1
fuel 2 97
missile 2 0
move 2 2
move 3 2
attack 4 0 5
move 4 1
move 5 2
move 6 2
fuel 7 0
missile 7 0
move 7 1
move 8 2
move 9 2
OK
move 0 1
move 1 1
attack 2 0 1
move 2 1
move 3 2
attack 4 0 9
move 4 1
move 5 0
move 6 2
fuel 7 0
missile 7 0
move 7 1
attack 8 0 5
move 8 1
attack 9 0 8
move 9 0
OK
move 0 1
move 1 1
attack 2 0 1
move 2 2
move 3 2
move 4 2
move 5 2
move 6 2
fuel 7 0
missile 7 0
move 7 1
attack 8 0 3
move 8 1
attack 9 0 9
move 9 2
OK
move 0 1
move 1 1
attack 2 0 7
move 2 1
move 3 2
attack 4 0 9
move 4 1
move 5 0
move 6 2
attack 7 0 4
move 7 1
attack 8 0 1
move 8 3
attack 9 0 5
move 9 0
OK
move 0 1
move 1 1
move 2 2
fuel 3 0
missile 3 0
move 3 2
move 4 3
move 5 3
fuel 6 0
missile 6 0
move 6 2
move 7 2
move 8 1
attack 9 0 1
move 9 3
OK
move 0 1
attack 1 0 0
move 1 1
move 2 1
fuel 3 0
missile 3 0
move 3 2
attack 4 0 6
move 4 3
move 5 3
fuel 6 0
missile 6 0
move 6 2
attack 7 0 9
move 7 1
attack 8 0 3
move 8 1
attack 9 0 10
move 9 3
OK
attack 0 0 10
move 0 1
attack 1 0 0
move 1 1
attack 2 0 9
move 2 1
move 3 2
move 4 3
move 5 2
move 6 2
attack 7 0 10
move 7 1
attack 8 0 4
move 8 1
move 9 2
OK
attack 0 0 6
move 0 1
move 1 1
attack 2 0 4
move 2 1
move 3 2
attack 4 0 4
move 4 0
move 5 0
move 6 2
attack 7 0 3
move 7 2
attack 8 0 10
move 8 1
attack 9 0 8
move 9 0
OK
move 0 1
move 1 1
attack 2 0 4
move 2 3
fuel 3 0
missile 3 0
move 3 0
move 4 2
move 5 2
fuel 6 0
missile 6 0
move 6 0
attack 7 0 5
move 7 2
move 8 3
attack 9 0 10
move 9 0
OK
move 0 1
attack 1 0 0
move 1 1
attack 2 0 1
move 2 1
attack 3 0 9
move 3 0
move 4 0
attack 5 0 6
move 5 2
move 6 2
attack 7 0 8
move 7 0
move 8 0
attack 9 0 5
move 9 3
OK
attack 0 0 6
move 0 1
attack 1 0 0
move 1 3
attack 2 0 5
move 2 3
attack 3 0 9
move 3 2
attack 4 0 6
move 4 0
move 5 2
move 6 3
move 7 2
attack 8 0 6
move 8 0
attack 9 0 10
move 9 0
OK
attack 0 0 2
move 0 3
move 1 3
move 2 0
move 3 3
move 4 3
attack 5 0 5
move 5 0
move 6 3
attack 7 0 2
move 7 2
move 8 3
move 9 0
OK
move 0 3
attack 1 0 0
move 1 1
attack 2 0 7
move 2 0
move 3 3
attack 4 0 1
move 4 0
move 5 2
fuel 6 0
missile 6 0
move 6 3
move 7 2
move 8 3
attack 9 0 3
move 9 0
OK
attack 0 0 10
move 0 1
move 1 3
move 2 3
move 3 3
attack 4 0 9
move 4 3
move 5 2
move 6 3
attack 7 0 6
move 7 0
move 8 0
attack 9 0 8
move 9 3
OK
move 0 3
move 1 3
attack 2 0 6
move 2 3
fuel 3 0
missile 3 0
move 3 3
attack 4 0 5
move 4 1
attack 5 0 2
move 5 2
move 6 3
attack 7 0 5
move 7 0
attack 8 0 4
move 8 0
attack 9 0 9
move 9 0
OK
move 0 3
move 1 3
attack 2 0 9
move 2 1
move 3 3
move 4 3
move 5 3
move 6 1
attack 7 0 6
move 7 2
attack 8 0 5
move 8 3
attack 9 0 10
move 9 0
OK
move 0 3
attack 1 0 0
move 1 0
attack 2 0 3
move 2 1
move 3 1
attack 4 0 9
move 4 0
move 5 3
fuel 6 0
missile 6 0
move 6 1
attack 7 0 5
move 7 0
move 8 2
attack 9 0 5
move 9 0
OK
attack 0 0 9
move 0 0
move 1 3
attack 2 0 2
move 2 1
move 3 1
attack 4 0 9
move 4 3
move 5 3
move 6 1
attack 7 0 9
move 7 3
move 8 0
attack 9 0 5
move 9 0
OK
move 0 3
move 1 3
attack 2 0 10
move 2 2
fuel 3 0
missile 3 0
move 3 1
attack 4 0 3
move 4 1
move 5 3
move 6 1
attack 7 0 3
move 7 3
attack 8 0 10
move 8 0
attack 9 0 1
move 9 0
OK
move 0 3
move 1 3
attack 2 0 9
move 2 1
move 3 1
attack 4 0 1
move 4 3
move 5 3
move 6 1
attack 7 0 2
move 7 1
move 8 2
attack 9 0 10
move 9 2
OK
move 0 3
move 1 3
attack 2 0 2
move 2 1
move 3 1
attack 4 0 2
move 4 0
move 5 3
move 6 1
move 7 0
attack 8 0 8
move 8 0
attack 9 0 10
move 9 0
OK
move 0 3
move 1 3
move 2 3
move 3 1
move 4 0
move 5 0
move 6 1
attack 7 0 7
move 7 0
attack 8 0 9
move 8 0
move 9 2
OK
move 0 3
move 1 3
attack 2 0 3
move 2 0
move 3 1
attack 4 0 2
move 4 0
move 5 0
fuel 6 0
missile 6 0
move 6 1
move 7 2
move 8 2
attack 9 0 9
move 9 1
OK
move 0 3
attack 1 0 0
move 1 1
move 2 3
move 3 1
attack 4 0 6
move 4 0
attack 5 0 10
move 5 0
move 6 1
move 7 2
attack 8 0 1
move 8 0
attack 9 0 1
move 9 1
OK
attack 0 0 2
move 0 1
attack 1 0 0
move 1 3
attack 2 0 4
move 2 3
fuel 3 0
missile 3 0
move 3 1
attack 4 0 4
move 4 0
attack 5 0 9
move 5 0
move 6 1
attack 7 0 9
move 7 2
attack 8 0 9
move 8 2
move 9 2
OK
attack 0 0 4
move 0 3
attack 1 0 0
move 1 1
attack 2 0 2
move 2 0
move 3 1
attack 4 0 3
move 4 3
attack 5 0 4
move 5 0
move 6 1
attack 7 0 10
move 7 0
attack 8 0 9
move 8 2
attack 9 0 5
move 9 1
OK
move 0 0
move 1 1
move 2 1
move 3 1
attack 4 0 2
move 4 1
attack 5 0 3
move 5 2
attack 6 0 4
move 6 1
attack 7 0 6
move 7 0
attack 8 0 6
move 8 1
move 9 1
OK
attack 0 0 10
move 0 0
attack 1 0 0
move 1 1
attack 2 0 8
move 2 1
move 3 3
attack 4 0 2
move 4 1
attack 5 0 8
move 5 1
move 6 3
attack 7 0 1
move 7 3
attack 8 0 8
move 8 2
move 9 3
OK
move 0 1
attack 1 0 0
move 1 1
attack 2 0 10
move 2 1
move 3 3
attack 4 0 1
move 4 3
move 5 3
move 6 3
move 7 2
attack 8 0 5
move 8 2
move 9 3
OK
move 0 3
attack 1 0 0
move 1 1
attack 2 0 9
move 2 1
move 3 3
attack 4 0 7
move 4 1
move 5 3
attack 6 0 1
move 6 3
move 7 1
move 8 1
move 9 3
OK
move 0 1
attack 1 0 0
move 1 3
attack 2 0 8
move 2 3
move 3 1
attack 4 0 7
move 4 3
move 5 3
move 6 1
move 7 1
move 8 1
attack 9 0 4
move 9 3
OK
move 0 1
attack 1 0 0
move 1 3
attack 2 0 8
move 2 3
move 3 1
attack 4 0 9
move 4 1
move 5 3
move 6 1
move 7 1
move 8 1
attack 9 0 8
move 9 1
OK
move 0 1
attack 1 0 0
move 1 0
attack 2 0 4
move 2 0
move 3 1
move 4 3
move 5 3
move 6 1
move 7 1
move 8 3
move 9 3
OK
attack 0 0 4
move 0 1
attack 1 0 0
move 1 0
attack 2 0 1
move 2 0
move 3 1
attack 4 0 3
move 4 1
move 5 3
move 6 1
move 7 3
move 8 3
move 9 3
OK
move 0 2
move 1 3
move 2 3
move 3 1
attack 4 0 7
move 4 3
move 5 3
move 6 1
move 7 1
move 8 3
move 9 3
OK
attack 0 0 3
move 0 2
attack 1 0 0
move 1 1
attack 2 0 8
move 2 1
move 3 1
move 4 3
move 5 3
attack 6 0 1
move 6 1
move 7 3
move 8 3
move 9 3
OK
move 0 2
move 1 3
move 2 3
move 3 3
attack 4 0 2
move 4 0
move 5 3
attack 6 0 9
move 6 2
move 7 1
move 8 3
move 9 3
OK
attack 0 0 9
move 0 1
attack 1 0 0
move 1 0
attack 2 0 8
move 2 0
attack 3 0 1
move 3 3
attack 4 0 3
move 4 3
move 5 3
attack 6 0 4
move 6 2
move 7 1
move 8 3
move 9 3
OK
move 0 1
move 1 1
move 2 1
attack 3 0 3
move 3 3
move 4 3
move 5 0
attack 6 0 2
move 6 2
move 7 1
move 8 0
move 9 0
OK
attack 0 0 2
move 0 1
attack 1 0 0
move 1 1
attack 2 0 2
move 2 1
move 3 2
attack 4 0 6
move 4 3
move 5 0
attack 6 0 9
move 6 2
move 7 1
move 8 0
move 9 0
OK
attack 0 0 9
move 0 3
attack 1 0 0
move 1 1
attack 2 0 10
move 2 1
move 3 1
attack 4 0 3
move 4 3
move 5 0
attack 6 0 3
move 6 0
move 7 3
move 8 0
move 9 0
OK
attack 0 0 2
move 0 1
move 1 3
move 2 3
move 3 1
attack 4 0 9
move 4 0
move 5 0
move 7 1
attack 8 0 6
move 8 0
move 9 3
OK
attack 0 0 3
move 0 3
attack 1 0 0
move 1 1
attack 2 0 3
move 2 1
attack 3 0 6
move 3 1
attack 4 0 8
move 4 0
move 5 3
move 7 3
move 8 3
move 9 3
OK
move 0 2
move 1 3
move 2 3
attack 3 0 6
move 3 2
move 4 3
move 5 3
move 7 1
move 8 3
move 9 3
OK
move 0 2
attack 1 0 0
move 1 1
attack 2 0 7
move 2 1
move 3 2
move 4 1
move 5 3
move 7 3
attack 8 0 3
move 8 3
move 9 3
OK
move 0 2
move 1 3
move 2 3
attack 3 0 9
move 3 1
move 4 1
move 5 3
move 7 3
attack 8 0 6
move 8 0
attack 9 0 6
move 9 0
OK
attack 0 0 10
move 0 2
attack 1 0 0
move 1 3
attack 2 0 2
move 2 3
attack 3 0 4
move 3 2
attack 4 0 7
move 4 3
move 5 0
attack 7 0 2
move 7 1
move 8 3
attack 9 0 6
move 9 0
OK
move 0 2
move 1 0
move 2 0
attack 3 0 5
move 3 2
attack 4 0 10
move 4 3
move 5 3
move 7 0
move 8 3
move 9 3
OK
move 0 2
move 1 0
move 2 0
attack 3 0 1
move 3 0
move 4 3
move 5 3
move 7 0
move 8 3
move 9 3
OK
move 0 2
attack 1 0 0
move 1 0
attack 2 0 0
move 2 0
attack 3 0 6
move 3 2
move 4 3
move 5 3
attack 7 0 8
move 7 0
move 8 3
attack 9 0 7
move 9 3
OK
move 0 2
attack 1 0 0
move 1 0
attack 2 0 0
move 2 0
move 3 1
move 4 3
move 5 3
attack 7 0 8
move 7 0
move 8 3
move 9 3
OK
move 0 2
move 1 3
move 2 3
attack 3 0 4
move 3 1
move 4 3
move 5 3
move 7 3
move 8 3
move 9 3
OK
move 0 2
attack 1 0 0
move 1 1
attack 2 0 0
move 2 1
move 3 1
move 4 3
move 5 1
attack 7 0 6
move 7 1
fuel 8 0
missile 8 0
move 8 3
move 9 1
OK
attack 0 0 1
move 0 2
move 1 3
move 2 3
attack 3 0 1
move 3 1
move 4 3
attack 5 0 3
move 5 1
move 7 3
attack 8 0 2
move 8 3
move 9 3
OK
attack 0 0 6
move 0 2
move 1 3
move 2 3
move 3 3
attack 4 0 1
move 4 3
attack 5 0 2
move 5 3
move 7 3
move 8 3
fuel 9 0
missile 9 0
move 9 1
OK
attack 0 0 1
move 0 1
attack 1 0 0
move 1 0
attack 2 0 0
move 2 0
attack 3 0 4
move 3 0
attack 4 0 1
move 4 3
attack 5 0 1
move 5 1
attack 7 0 6
move 7 0
attack 8 0 1
move 8 3
move 9 3
OK
move 0 0
move 1 3
move 2 3
attack 3 0 2
move 3 3
attack 4 0 2
move 4 0
move 5 3
move 7 3
attack 8 0 1
move 8 1
attack 9 0 10
move 9 1
OK
attack 0 0 8
move 0 0
move 1 2
move 2 2
attack 3 0 8
move 3 1
move 4 2
attack 5 0 3
move 5 1
move 7 0
move 8 2
move 9 2
OK
move 0 3
move 1 3
move 2 3
move 3 3
move 4 2
move 5 2
move 7 0
move 8 2
move 9 2
OK
move 0 0
move 1 0
move 2 0
attack 3 0 10
move 3 0
move 4 2
move 5 2
fuel 7 0
missile 7 0
move 7 0
move 8 2
move 9 2
OK
attack 0 0 3
move 0 0
move 1 0
move 2 0
move 3 3
move 4 2
move 5 2
fuel 7 0
missile 7 0
move 7 0
move 8 2
move 9 2
OK
move 0 2
fuel 1 0
missile 1 0
move 1 0
fuel 2 0
missile 2 0
move 2 0
move 3 3
move 4 2
move 5 2
fuel 7 0
missile 7 0
move 7 0
move 8 2
move 9 1
OK
move 0 2
fuel 1 0
missile 1 0
move 1 0
fuel 2 0
missile 2 0
move 2 0
attack 3 0 2
move 3 0
move 4 2
move 5 1
fuel 7 0
missile 7 0
move 7 0
move 8 2
fuel 9 0
missile 9 0
move 9 1
OK
attack 0 0 2
move 0 2
fuel 1 0
missile 1 0
move 1 0
fuel 2 0
missile 2 0
move 2 0
attack 3 0 3
move 3 0
move 4 1
move 5 1
move 7 0
move 8 1
move 9 1
OK
move 0 2
fuel 1 0
missile 1 0
move 1 0
fuel 2 0
missile 2 0
move 2 0
move 3 2
move 4 1
move 5 1
move 7 0
move 8 1
move 9 1
OK
move 0 2
move 1 0
move 2 0
move 3 2
move 4 1
move 5 1
move 7 0
move 8 1
move 9 1
OK
move 0 2
move 1 0
move 2 0
move 3 2
move 4 1
move 5 1
move 7 0
move 8 1
move 9 1
OK
move 0 2
move 1 0
move 2 0
move 3 2
move 4 1
move 5 1
move 7 0
fuel 8 0
missile 8 0
move 8 1
move 9 1
OK
move 0 2
move 1 0
move 2 0
move 3 0
move 4 1
fuel 5 0
missile 5 0
move 5 1
move 7 0
move 8 1
move 9 1
OK
move 0 0
move 1 0
move 2 0
move 3 0
move 4 1
move 5 1
move 7 0
move 8 1
fuel 9 0
missile 9 0
move 9 1
OK
move 0 0
move 1 0
move 2 0
attack 3 0 8
move 3 0
fuel 4 0
missile 4 0
move 4 1
fuel 5 0
missile 5 0
move 5 1
fuel 7 0
missile 7 0
move 7 0
move 8 1
move 9 1
OK
move 0 2
move 1 0
move 2 0
move 3 2
move 4 1
move 5 1
fuel 7 389
missile 7 0
move 7 0
move 8 1
fuel 9 0
missile 9 0
move 9 1
OK
move 0 2
fuel 1 0
missile 1 0
move 1 0
fuel 2 0
missile 2 0
move 2 0
attack 3 0 1
move 3 2
move 4 1
attack 5 0 3
move 5 1
move 6 2
move 7 0
move 8 2
move 9 2
OK
move 0 2
fuel 1 65
missile 1 0
move 1 0
fuel 2 0
missile 2 0
move 2 0
move 3 2
move 4 2
attack 5 0 4
move 5 2
move 6 2
move 7 0
move 8 2
fuel 9 0
missile 9 0
move 9 2
OK
move 0 2
move 1 0
move 2 0
move 3 2
move 4 2
move 5 2
move 6 2
move 7 0
move 8 1
attack 9 0 9
move 9 1
OK
move 0 2
move 1 0
move 2 0
move 3 2
move 4 2
attack 5 0 10
move 5 1
move 6 2
attack 7 0 10
move 7 0
move 8 2
attack 9 0 4
move 9 2
OK
fuel 0 0
missile 0 0
move 0 2
move 1 2
move 2 2
move 3 2
move 4 2
move 5 2
move 6 1
move 7 2
move 8 2
move 9 2
OK
move 0 1
fuel 1 0
missile 1 0
move 1 2
fuel 2 0
missile 2 0
move 2 2
move 3 1
move 4 2
attack 5 0 9
move 5 1
fuel 6 0
missile 6 -33
move 6 1
move 7 2
fuel 8 0
missile 8 0
move 8 2
move 9 2
OK
fuel 0 0
missile 0 0
move 0 1
move 1 0
move 2 0
fuel 3 0
missile 3 33
move 3 1
move 4 1
attack 5 0 5
move 5 2
move 6 1
fuel 7 0
missile 7 0
move 7 0
fuel 8 58
missile 8 0
move 8 1
attack 9 0 1
move 9 0
OK
fuel 0 0
missile 0 0
move 0 1
move 1 0
move 2 0
move 3 1
move 4 2
attack 5 0 7
move 5 2
fuel 6 0
missile 6 0
move 6 1
attack 7 0 4
move 7 0
fuel 8 0
missile 8 0
move 8 2
attack 9 0 10
move 9 2
OK
fuel 0 0
missile 0 0
move 0 1
fuel 1 0
missile 1 0
move 1 2
fuel 2 0
missile 2 0
move 2 2
fuel 3 0
missile 3 0
move 3 1
move 4 2
attack 5 0 8
move 5 0
fuel 6 0
missile 6 0
move 6 1
attack 7 0 8
move 7 2
move 8 2
attack 9 0 7
move 9 2
OK
move 0 1
move 1 2
move 2 2
fuel 3 0
missile 3 0
move 3 1
move 4 1
move 5 2
fuel 6 0
missile 6 0
move 6 1
attack 7 0 7
move 7 2
move 8 1
move 9 1
OK
move 0 1
move 1 3
move 2 3
fuel 3 0
missile 3 0
move 3 1
fuel 4 0
missile 4 0
move 4 1
attack 5 0 9
move 5 2
move 6 1
move 7 3
move 8 2
move 9 2
OK
move 0 1
move 1 3
move 2 3
move 3 1
fuel 4 0
missile 4 0
move 4 2
attack 5 0 8
move 5 2
move 6 1
move 7 3
fuel 8 0
missile 8 0
move 8 2
move 9 2
OK
move 0 1
fuel 1 0
missile 1 0
move 1 0
fuel 2 0
missile 2 0
move 2 0
move 3 1
fuel 4 0
missile 4 0
move 4 2
move 5 2
move 6 1
move 7 0
fuel 8 0
missile 8 0
move 8 1
fuel 9 0
missile 9 0
move 9 1
OK
move 0 1
move 1 0
move 2 0
move 3 1
fuel 4 0
missile 4 0
move 4 1
attack 5 0 6
move 5 1
move 6 1
attack 7 0 1
move 7 0
fuel 8 0
missile 8 0
move 8 3
move 9 3
OK
move 0 1
move 1 3
move 2 3
move 3 1
fuel 4 0
missile 4 158
move 4 3
move 5 3
move 6 1
move 7 3
fuel 8 0
missile 8 0
move 8 3
move 9 3
OK
move 0 1
attack 1 0 0
move 1 0
attack 2 0 0
move 2 0
move 3 1
fuel 4 0
missile 4 0
move 4 3
move 5 3
move 6 1
attack 7 0 2
move 7 0
move 8 3
move 9 3
OK
move 0 1
move 3 1
move 4 3
move 5 3
move 6 1
move 7 1
move 8 3
move 9 3
OK
move 0 1
move 3 1
move 4 3
move 5 3
move 6 1
attack 7 0 4
move 7 1
move 8 3
move 9 3
OK
move 0 1
move 1 2
move 2 2
move 3 1
fuel 4 0
missile 4 0
move 4 3
move 5 3
move 6 1
move 7 2
move 8 3
move 9 3
OK
move 0 1
move 1 2
move 2 2
move 3 1
fuel 4 0
missile 4 0
move 4 3
move 5 3
move 6 1
move 7 2
fuel 8 393
missile 8 0
move 8 3
move 9 3
OK
move 0 1
move 1 2
move 2 2
move 3 1
move 4 3
move 5 3
move 6 1
move 7 2
move 8 3
move 9 3
OK
move 0 1
move 1 2
move 2 2
move 3 1
move 4 3
attack 5 0 3
move 5 3
move 6 1
move 7 2
fuel 8 0
missile 8 0
move 8 3
move 9 3
OK
move 0 1
fuel 1 0
missile 1 0
move 1 2
fuel 2 0
missile 2 0
move 2 2
move 3 1
move 4 3
move 5 3
move 6 1
fuel 7 0
missile 7 0
move 7 2
fuel 8 0
missile 8 0
move 8 1
attack 9 0 3
move 9 1
OK
move 0 1
move 1 3
move 2 3
move 3 1
fuel 4 0
missile 4 0
move 4 3
attack 5 0 9
move 5 3
move 6 1
move 7 2
move 8 2
move 9 2
OK
fuel 0 138
missile 0 0
move 0 1
fuel 1 0
missile 1 0
move 1 2
fuel 2 0
missile 2 0
move 2 2
move 3 1
fuel 4 0
missile 4 0
move 4 2
move 5 2
move 6 1
move 7 2
fuel 8 0
missile 8 0
move 8 2
move 9 2
OK
attack 0 0 4
move 0 1
move 1 2
move 2 2
move 3 3
fuel 4 0
missile 4 0
move 4 2
move 5 2
fuel 6 76
missile 6 0
move 6 3
move 7 2
move 8 2
move 9 2
OK
move 0 3
move 1 2
move 2 2
move 3 3
move 4 2
move 5 2
move 6 3
move 7 2
move 8 2
move 9 2
OK
move 0 3
move 1 2
move 2 2
move 3 1
move 4 2
move 5 2
move 6 1
move 7 2
move 8 2
move 9 2
OK
move 0 1
move 1 2
move 2 2
move 3 1
move 4 2
move 5 2
move 6 1
fuel 7 0
missile 7 0
move 7 2
move 8 2
move 9 2
OK
move 0 1
move 1 2
move 2 2
move 3 1
fuel 4 0
missile 4 0
move 4 2
move 5 2
move 6 1
move 7 2
move 8 2
move 9 2
OK
move 0 1
fuel 1 0
missile 1 0
move 1 2
fuel 2 0
missile 2 0
move 2 2
move 3 1
fuel 4 0
missile 4 0
move 4 2
move 5 2
move 6 1
fuel 7 0
missile 7 0
move 7 2
move 8 2
move 9 2
OK
move 0 1
move 1 2
move 2 2
move 3 1
move 4 2
move 5 2
move 6 1
fuel 7 0
missile 7 0
move 7 2
move 8 2
move 9 2
OK
attack 0 0 6
move 0 1
fuel 1 0
missile 1 0
move 1 2
fuel 2 0
missile 2 0
move 2 2
move 3 1
move 4 2
move 5 2
move 6 1
fuel 7 0
missile 7 0
move 7 2
fuel 8 0
missile 8 0
move 8 2
move 9 2
OK
