fuel 0 0
missile 0 364
move 0 1
fuel 1 89
missile 1 338
move 1 2
fuel 2 32
missile 2 30
move 2 2
fuel 3 405
missile 3 435
move 3 3
fuel 4 89
missile 4 43
move 4 3
OK
attack 0 0 10
move 0 1
fuel 1 0
missile 1 0
move 1 2
move 2 1
move 3 3
attack 4 0 9
move 4 1
OK
attack 0 0 7
move 0 2
move 1 2
move 2 1
move 3 3
attack 4 0 3
move 4 1
OK
move 0 3
attack 1 0 9
move 1 0
attack 2 0 6
move 2 1
attack 3 0 9
move 3 1
attack 4 0 9
move 4 1
OK
attack 0 0 9
move 0 1
move 1 2
attack 2 0 8
move 2 2
attack 3 0 8
move 3 1
attack 4 0 9
move 4 3
OK
move 0 3
attack 1 0 6
move 1 0
move 2 3
attack 3 0 8
move 3 3
move 4 3
OK
attack 0 0 1
move 0 0
attack 1 0 10
move 1 0
attack 2 0 6
move 2 1
attack 3 0 2
move 3 3
attack 4 0 3
move 4 1
OK
move 0 0
move 1 0
attack 2 0 6
move 2 1
attack 3 0 9
move 3 3
move 4 3
OK
move 0 0
attack 1 0 7
move 1 0
attack 2 0 5
move 2 2
attack 3 0 1
move 3 0
attack 4 0 9
move 4 1
OK
fuel 0 0
missile 0 -27
move 0 0
move 1 3
move 2 1
move 3 2
attack 4 0 1
move 4 1
OK
attack 0 0 6
move 0 0
attack 1 0 9
move 1 0
move 2 1
attack 3 0 7
move 3 0
attack 4 0 3
move 4 1
OK
move 0 3
move 1 3
attack 2 0 4
move 2 1
attack 3 0 1
move 3 2
attack 4 0 9
move 4 1
OK
attack 0 0 2
move 0 0
move 1 3
attack 2 0 9
move 2 2
move 3 3
attack 4 0 7
move 4 3
OK
move 0 3
fuel 1 0
missile 1 -41
move 1 3
attack 2 0 4
move 2 2
attack 3 0 10
move 3 0
attack 4 0 5
move 4 1
OK
move 0 3
attack 1 0 6
move 1 3
move 2 2
attack 3 0 5
move 3 3
attack 4 0 8
move 4 1
OK
attack 0 0 7
move 0 3
move 1 2
attack 2 0 8
move 2 2
attack 3 0 9
move 3 3
attack 4 0 9
move 4 2
OK
move 0 2
move 1 0
move 2 2
attack 3 0 3
move 3 1
attack 4 0 1
move 4 2
OK
move 0 0
fuel 1 0
missile 1 -6
move 1 0
attack 2 0 2
move 2 2
attack 3 0 9
move 3 3
attack 4 0 2
move 4 2
OK
move 0 0
attack 1 0 2
move 1 0
move 2 2
attack 3 0 1
move 3 0
attack 4 0 7
move 4 1
OK
attack 0 0 1
move 0 0
attack 1 0 2
move 1 0
attack 2 0 2
move 2 2
attack 3 0 2
move 3 3
attack 4 0 7
move 4 1
OK
attack 0 0 9
move 0 0
move 1 2
attack 2 0 9
move 2 0
move 3 2
attack 4 0 8
move 4 2
OK
attack 0 0 9
move 0 2
attack 1 0 2
move 1 0
move 2 2
move 3 1
attack 4 0 5
move 4 2
OK
attack 0 0 8
move 0 2
attack 1 0 1
move 1 2
attack 2 0 8
move 2 0
attack 3 0 6
move 3 1
attack 4 0 1
move 4 2
OK
move 0 3
move 1 0
move 2 2
move 3 2
attack 4 0 6
move 4 2
OK
move 0 3
attack 1 0 5
move 1 0
attack 2 0 3
move 2 2
move 3 2
attack 4 0 10
move 4 2
OK
attack 0 0 7
move 0 3
attack 1 0 10
move 1 2
attack 2 0 9
move 2 0
move 3 0
attack 4 0 6
move 4 2
OK
attack 0 0 3
move 0 3
move 1 3
move 2 0
move 3 0
attack 4 0 1
move 4 0
OK
attack 0 0 2
move 0 3
attack 1 0 10
move 1 0
attack 2 0 2
move 2 0
move 3 0
attack 4 0 6
move 4 3
OK
move 0 2
attack 1 0 5
move 1 3
move 2 2
attack 3 0 8
move 3 0
move 4 0
OK
move 0 2
attack 1 0 4
move 1 3
attack 2 0 7
move 2 2
attack 3 0 2
move 3 2
attack 4 0 5
move 4 0
OK
move 0 2
attack 1 0 7
move 1 3
attack 2 0 8
move 2 1
attack 3 0 10
move 3 2
move 4 2
OK
attack 0 0 3
move 0 0
attack 1 0 4
move 1 1
move 2 2
attack 3 0 3
move 3 2
attack 4 0 6
move 4 0
OK
move 0 0
attack 1 0 3
move 1 3
move 2 2
attack 3 0 1
move 3 2
attack 4 0 1
move 4 2
OK
move 0 0
attack 1 0 10
move 1 0
attack 2 0 7
move 2 2
move 3 3
attack 4 0 2
move 4 2
OK
attack 0 0 2
move 0 0
attack 1 0 9
move 1 3
move 2 2
attack 3 0 1
move 3 1
attack 4 0 7
move 4 0
OK
move 0 3
attack 1 0 5
move 1 1
attack 2 0 8
move 2 0
move 3 1
attack 4 0 4
move 4 2
OK
attack 0 0 5
move 0 0
move 1 2
attack 2 0 9
move 2 2
move 3 1
attack 4 0 9
move 4 2
OK
attack 0 0 4
move 0 0
attack 1 0 4
move 1 1
move 2 3
move 3 1
attack 4 0 5
move 4 2
OK
attack 0 0 2
move 0 3
attack 1 0 3
move 1 1
move 2 3
move 3 1
attack 4 0 7
move 4 2
OK
move 0 2
attack 1 0 3
move 1 3
attack 2 0 8
move 2 3
move 3 1
attack 4 0 5
move 4 1
OK
move 0 2
attack 1 0 5
move 1 3
attack 2 0 10
move 2 0
move 3 1
attack 4 0 5
move 4 2
OK
move 0 0
attack 1 0 8
move 1 1
attack 2 0 4
move 2 3
attack 3 0 4
move 3 1
attack 4 0 2
move 4 2
OK
attack 0 0 7
move 0 0
attack 1 0 3
move 1 1
attack 2 0 5
move 2 0
attack 3 0 1
move 3 2
move 4 1
OK
move 0 2
attack 1 0 8
move 1 1
move 2 0
move 3 3
move 4 1
OK
move 0 0
move 1 3
move 2 0
move 3 3
attack 4 0 7
move 4 1
OK
attack 0 0 1
move 0 0
attack 1 0 2
move 1 0
attack 2 0 5
move 2 0
move 3 3
attack 4 0 2
move 4 1
OK
move 0 0
move 1 2
attack 2 0 9
move 2 0
attack 3 0 10
move 3 0
attack 4 0 6
move 4 2
OK
move 0 0
attack 1 0 8
move 1 2
attack 2 0 3
move 2 2
move 3 3
attack 4 0 7
move 4 2
OK
attack 0 0 2
move 0 0
move 1 3
attack 2 0 7
move 2 0
move 3 3
attack 4 0 9
move 4 1
OK
move 0 0
move 1 0
attack 2 0 2
move 2 3
fuel 3 0
missile 3 -130
move 3 3
move 4 2
OK
attack 0 0 8
move 0 0
move 1 0
move 2 3
move 3 1
move 4 2
OK
move 0 3
attack 1 0 4
move 1 0
attack 2 0 9
move 2 0
fuel 3 0
missile 3 0
move 3 1
attack 4 0 5
move 4 2
OK
move 0 3
attack 1 0 1
move 1 3
attack 2 0 1
move 2 3
attack 3 0 8
move 3 1
attack 4 0 8
move 4 0
OK
move 0 3
move 1 2
attack 2 0 1
move 2 3
move 3 1
attack 4 0 9
move 4 2
OK
attack 0 0 9
move 0 0
move 1 0
attack 2 0 6
move 2 3
move 3 1
attack 4 0 3
move 4 2
OK
attack 0 0 9
move 0 0
attack 1 0 7
move 1 0
attack 2 0 10
move 2 1
attack 3 0 10
move 3 1
attack 4 0 7
move 4 2
OK
move 0 0
move 1 2
move 2 2
attack 3 0 8
move 3 1
move 4 3
OK
attack 0 0 3
move 0 0
attack 1 0 6
move 1 0
move 2 0
attack 3 0 3
move 3 2
attack 4 0 10
move 4 0
OK
attack 0 0 10
move 0 3
attack 1 0 7
move 1 2
attack 2 0 6
move 2 0
move 3 3
move 4 0
OK
move 0 3
attack 1 0 2
move 1 0
move 2 0
attack 3 0 3
move 3 1
move 4 0
OK
attack 0 0 6
move 0 1
move 1 2
attack 2 0 3
move 2 0
move 3 3
attack 4 0 5
move 4 0
OK
attack 0 0 5
move 0 1
attack 1 0 5
move 1 2
attack 2 0 5
move 2 0
attack 3 0 8
move 3 0
attack 4 0 9
move 4 0
OK
move 0 3
attack 1 0 1
move 1 2
attack 2 0 3
move 2 0
move 3 1
move 4 3
OK
attack 0 0 10
move 0 0
attack 1 0 7
move 1 1
attack 2 0 5
move 2 2
attack 3 0 2
move 3 1
attack 4 0 8
move 4 3
OK
attack 0 0 5
move 0 0
move 1 3
attack 2 0 6
move 2 2
attack 3 0 6
move 3 3
attack 4 0 7
move 4 1
OK
attack 0 0 5
move 0 3
move 1 1
attack 2 0 1
move 2 2
attack 3 0 3
move 3 3
attack 4 0 7
move 4 1
OK
move 0 2
move 1 1
attack 2 0 2
move 2 2
attack 3 0 2
move 3 1
attack 4 0 3
move 4 2
OK
attack 0 0 7
move 0 0
attack 1 0 9
move 1 1
attack 2 0 10
move 2 1
move 3 3
move 4 3
OK
move 0 3
move 1 2
attack 2 0 3
move 2 3
attack 3 0 6
move 3 0
attack 4 0 7
move 4 1
OK
attack 0 0 5
move 0 0
move 1 2
attack 2 0 8
move 2 3
move 3 1
move 4 3
OK
attack 0 0 4
move 0 0
move 1 2
move 2 0
attack 3 0 10
move 3 1
move 4 0
OK
attack 0 0 7
move 0 0
move 1 2
attack 2 0 9
move 2 0
move 3 2
attack 4 0 4
move 4 0
OK
attack 0 0 1
move 0 0
fuel 1 0
missile 1 -172
move 1 2
attack 2 0 4
move 2 3
attack 3 0 8
move 3 1
attack 4 0 10
move 4 0
OK
attack 0 0 9
move 0 0
fuel 1 0
missile 1 0
move 1 2
attack 2 0 1
move 2 3
move 3 2
attack 4 0 6
move 4 3
OK
attack 0 0 3
move 0 0
attack 1 0 5
move 1 2
move 2 3
attack 3 0 1
move 3 1
attack 4 0 3
move 4 0
OK
attack 0 0 4
move 0 0
attack 1 0 4
move 1 2
attack 2 0 5
move 2 1
attack 3 0 2
move 3 2
attack 4 0 1
move 4 2
OK
attack 0 0 5
move 0 0
move 1 2
move 3 1
move 4 2
OK
attack 0 0 8
move 0 0
attack 1 0 9
move 1 0
attack 3 0 8
move 3 1
move 4 2
OK
attack 0 0 6
move 0 0
move 1 2
attack 3 0 1
move 3 1
move 4 0
OK
attack 0 0 5
move 0 2
attack 1 0 1
move 1 0
attack 3 0 9
move 3 1
move 4 0
OK
move 0 3
attack 1 0 5
move 1 2
attack 3 0 8
move 3 1
attack 4 0 4
move 4 0
OK
attack 0 0 8
move 0 3
attack 1 0 1
move 1 2
attack 3 0 6
move 3 2
move 4 3
OK
attack 0 0 1
move 0 0
move 1 3
attack 3 0 7
move 3 2
move 4 3
OK
move 0 3
attack 1 0 2
move 1 0
move 3 3
move 4 3
OK
attack 0 0 9
move 0 3
attack 1 0 6
move 1 3
attack 3 0 6
move 3 1
fuel 4 0
missile 4 117
move 4 3
OK
move 0 2
attack 1 0 6
move 1 3
attack 3 0 3
move 3 3
move 4 3
OK
move 0 0
move 1 2
attack 3 0 2
move 3 1
fuel 4 0
missile 4 361
move 4 3
OK
move 0 0
move 1 2
move 3 3
attack 4 0 4
move 4 3
OK
move 0 0
move 1 2
attack 3 0 10
move 3 0
move 4 0
OK
attack 0 0 5
move 0 0
move 1 1
attack 3 0 6
move 3 0
attack 4 0 5
move 4 0
OK
attack 0 0 10
move 0 0
move 1 1
attack 3 0 3
move 3 0
attack 4 0 2
move 4 0
OK
attack 0 0 9
move 0 0
move 1 1
attack 3 0 7
move 3 3
attack 4 0 2
move 4 0
OK
attack 0 0 8
move 0 2
move 1 1
attack 3 0 8
move 3 3
attack 4 0 10
move 4 0
OK
move 0 0
attack 1 0 9
move 1 1
attack 3 0 9
move 3 3
attack 4 0 3
move 4 0
OK
attack 0 0 4
move 0 0
move 1 1
attack 3 0 7
move 3 3
attack 4 0 7
move 4 0
OK
attack 0 0 10
move 0 0
attack 1 0 4
move 1 1
attack 3 0 6
move 3 1
attack 4 0 6
move 4 0
OK
attack 0 0 9
move 0 2
attack 1 0 1
move 1 1
move 3 3
attack 4 0 1
move 4 0
OK
move 0 0
move 1 3
attack 3 0 7
move 3 0
attack 4 0 4
move 4 0
OK
move 0 0
attack 1 0 5
move 1 0
attack 3 0 5
move 3 3
attack 4 0 5
move 4 2
OK
attack 0 0 6
move 0 0
move 1 1
move 3 2
attack 4 0 7
move 4 0
OK
move 0 0
move 1 1
attack 3 0 1
move 3 0
attack 4 0 4
move 4 2
OK
attack 0 0 7
move 0 0
attack 1 0 8
move 1 1
attack 3 0 9
move 3 2
move 4 0
OK
attack 0 0 3
move 0 2
attack 1 0 9
move 1 2
move 3 0
attack 4 0 3
move 4 0
OK
attack 0 0 5
move 0 2
attack 1 0 2
move 1 1
attack 3 0 3
move 3 0
attack 4 0 6
move 4 0
OK
move 0 0
move 1 1
move 3 0
move 4 2
OK
attack 0 0 6
move 0 0
attack 1 0 3
move 1 1
attack 3 0 5
move 3 0
move 4 2
OK
attack 0 0 4
move 0 0
attack 1 0 1
move 1 1
attack 3 0 1
move 3 0
attack 4 0 10
move 4 2
OK
attack 0 0 2
move 0 2
attack 1 0 1
move 1 1
attack 3 0 3
move 3 0
attack 4 0 2
move 4 2
OK
move 0 0
attack 1 0 8
move 1 3
attack 3 0 6
move 3 0
attack 4 0 6
move 4 2
OK
attack 0 0 4
move 0 0
attack 1 0 10
move 1 0
attack 3 0 9
move 3 3
attack 4 0 4
move 4 1
OK
attack 0 0 2
move 0 3
move 1 2
attack 3 0 10
move 3 1
move 4 2
OK
move 0 2
move 1 1
attack 3 0 2
move 3 1
attack 4 0 1
move 4 2
OK
move 0 2
move 1 1
move 3 3
attack 4 0 8
move 4 1
OK
move 0 2
move 1 1
move 3 3
attack 4 0 4
move 4 3
OK
attack 0 0 2
move 0 2
attack 1 0 3
move 1 1
move 3 0
move 4 1
OK
attack 0 0 4
move 0 0
attack 1 0 10
move 1 1
attack 3 0 10
move 3 0
move 4 1
OK
attack 0 0 2
move 0 2
attack 1 0 4
move 1 1
move 3 2
attack 4 0 10
move 4 1
OK
attack 0 0 3
move 0 2
attack 1 0 2
move 1 1
move 3 2
attack 4 0 3
move 4 1
OK
move 3 2
attack 4 0 10
move 4 2
OK
move 3 2
move 4 1
OK
attack 3 0 2
move 3 0
attack 4 0 8
move 4 1
OK
attack 3 0 1
move 3 0
move 4 2
OK
move 3 2
move 4 2
OK
move 3 2
move 4 2
OK
move 3 2
attack 4 0 9
move 4 1
OK
attack 3 0 3
move 3 1
attack 4 0 10
move 4 2
OK
move 3 2
move 4 2
OK
move 3 2
attack 4 0 4
move 4 2
OK
move 3 2
move 4 0
OK
move 3 2
attack 4 0 3
move 4 0
OK
move 3 2
attack 4 0 7
move 4 2
OK
fuel 3 0
missile 3 -263
move 3 2
move 4 2
OK
move 3 2
attack 4 0 7
move 4 2
OK
attack 3 0 6
move 3 2
attack 4 0 10
move 4 0
OK
attack 3 0 6
move 3 0
attack 4 0 3
move 4 2
OK
attack 3 0 8
move 3 0
attack 4 0 4
move 4 0
OK
attack 3 0 9
move 3 2
attack 4 0 10
move 4 2
OK
move 3 1
move 4 1
OK
attack 3 0 1
move 3 1
attack 4 0 9
move 4 1
OK
move 3 3
attack 4 0 4
move 4 1
OK
attack 3 0 2
move 3 1
attack 4 0 10
move 4 3
OK
attack 3 0 9
move 3 1
move 4 3
OK
attack 3 0 1
move 3 3
attack 4 0 1
move 4 1
OK
move 4 1
OK
move 4 1
OK
move 4 1
OK
move 4 1
OK
attack 4 0 2
move 4 1
OK
attack 4 0 9
move 4 2
OK
attack 4 0 1
move 4 2
OK
move 4 2
OK
attack 4 0 8
move 4 1
OK
move 4 2
OK
attack 4 0 1
move 4 2
OK
move 4 1
OK
attack 4 0 2
move 4 1
OK
move 4 3
OK
move 4 3
OK
attack 4 0 10
move 4 1
OK
move 4 1
OK
attack 4 0 10
move 4 1
OK
attack 4 0 5
move 4 2
OK
move 4 3
OK
move 4 3
OK
attack 4 0 7
move 4 1
OK
attack 4 0 1
move 4 3
OK
attack 4 0 6
move 4 1
OK
move 4 0
OK
attack 4 0 8
move 4 0
OK
attack 4 0 2
move 4 3
OK
attack 4 0 5
move 4 3
OK
attack 4 0 3
move 4 1
OK
attack 4 0 8
move 4 1
OK
move 4 3
OK
attack 4 0 1
move 4 0
OK
move 4 1
OK
attack 4 0 2
move 4 1
OK
attack 4 0 4
move 4 3
OK
attack 4 0 10
move 4 1
OK
move 4 3
OK
attack 4 0 6
move 4 1
OK
attack 4 0 9
move 4 1
OK
attack 4 0 3
move 4 1
OK
attack 4 0 1
move 4 2
OK
move 4 2
OK
attack 4 0 6
move 4 1
OK
attack 4 0 2
move 4 2
OK
attack 4 0 1
move 4 1
OK
attack 4 0 4
move 4 3
OK
attack 4 0 6
move 4 1
OK
attack 4 0 4
move 4 3
OK
move 4 3
OK
attack 4 0 2
move 4 1
OK
attack 4 0 1
move 4 3
OK
attack 4 0 9
move 4 3
OK
attack 4 0 9
move 4 3
OK
attack 4 0 8
move 4 0
OK
attack 4 0 6
move 4 3
OK
attack 4 0 6
move 4 3
OK
move 4 3
OK
attack 4 0 2
move 4 3
OK
attack 4 0 8
move 4 0
OK
move 4 2
OK
move 4 2
OK
move 4 2
OK
attack 4 0 4
move 4 2
OK
attack 4 0 10
move 4 2
OK
attack 4 0 4
move 4 0
OK
move 4 2
OK
attack 4 0 8
move 4 0
OK
move 4 1
OK
attack 4 0 4
move 4 1
OK
move 4 1
OK
move 4 1
OK
move 4 1
OK
attack 4 0 2
move 4 1
OK
attack 4 0 8
move 4 1
OK
move 4 3
OK
attack 4 0 10
move 4 0
OK
move 4 3
OK
move 4 3
OK
fuel 4 0
missile 4 -474
move 4 1
OK
attack 4 0 7
move 4 1
OK
move 4 2
OK
move 4 1
OK
attack 4 0 6
move 4 1
OK
move 4 3
OK
attack 4 0 2
move 4 1
OK
move 4 3
OK
attack 4 0 9
move 4 0
OK
move 4 1
OK
attack 4 0 2
move 4 1
OK
attack 4 0 7
move 4 3
OK
attack 4 0 4
move 4 1
OK
attack 4 0 6
move 4 1
OK
attack 4 0 4
move 4 1
OK
OK
OK
OK
OK
OK
OK
OK
OK
OK
OK
OK
OK
OK
OK
OK
OK
OK
OK
OK
OK
OK
OK
OK
OK
OK
OK
OK
OK
OK
OK
OK
OK
OK
OK
OK
OK
OK
OK
OK
OK
OK
OK
OK
OK
OK
OK
OK
OK
OK
OK
OK
OK
OK
OK
OK
OK
OK
OK
OK
OK
OK
OK
OK
OK
OK
OK
OK
OK
OK
OK
OK
OK
OK
OK
OK
OK
OK
OK
OK
OK
OK
OK
OK
OK
OK
OK
OK
OK
OK
OK
OK
OK
OK
OK
OK
OK
OK
OK
OK
OK
OK
OK
OK
OK
OK
OK
OK
OK
OK
OK
OK
OK
OK
OK
OK
OK
OK
OK
OK
OK
OK
OK
OK
OK
OK
OK
OK
OK
OK
OK
OK
OK
OK
OK
OK
OK
OK
OK
OK
OK
OK
OK
OK
OK
OK
OK
OK
OK
OK
OK
OK
OK
OK
OK
OK
OK
OK
OK
OK
OK
OK
OK
OK
OK
OK
OK
OK
OK
OK
OK
OK
OK
OK
OK
OK
OK
OK
OK
OK
OK
OK
OK
OK
OK
OK
OK
OK
OK
OK
OK
OK
OK
OK
OK
OK
OK
OK
OK
OK
OK
OK
OK
OK
OK
OK
OK
OK
OK
OK
OK
OK
OK
OK
OK
OK
OK
OK
OK
OK
OK
OK
OK
OK
OK
OK
OK
OK
OK
OK
OK
OK
OK
OK
OK
OK
OK
OK
OK
OK
OK
OK
OK
OK
OK
OK
OK
OK
OK
OK
OK
OK
OK
OK
OK
OK
OK
OK
OK
OK
OK
OK
OK
OK
OK
OK
OK
OK
OK
OK
OK
OK
OK
OK
OK
OK
OK
OK
OK
OK
OK
OK
OK
OK
OK
OK
OK
OK
OK
OK
OK
OK
OK
OK
OK
OK
OK
OK
OK
OK
OK
OK
OK
OK
OK
OK
OK
OK
OK
OK
OK
OK
OK
OK
OK
OK
OK
OK
OK
OK
OK
OK
OK
OK
OK
OK
OK
OK
OK
OK
OK
OK
OK
OK
OK
OK
OK
OK
OK
OK
OK
OK
OK
OK
OK
OK
OK
OK
OK
OK
OK
OK
OK
OK
OK
OK
OK
OK
OK
OK
OK
OK
OK
OK
OK
OK
OK
OK
OK
OK
OK
OK
OK
OK
OK
OK
OK
OK
OK
OK
OK
OK
OK
OK
OK
OK
OK
OK
OK
OK
OK
OK
OK
OK
OK
OK
OK
OK
OK
OK
OK
OK
OK
OK
OK
OK
OK
OK
OK
OK
OK
OK
OK
OK
OK
OK
OK
OK
OK
OK
OK
OK
OK
OK
OK
OK
OK
OK
OK
OK
OK
OK
OK
OK
OK
OK
OK
OK
OK
OK
OK
OK
OK
OK
OK
OK
OK
OK
OK
OK
OK
OK
OK
OK
OK
OK
OK
OK
OK
OK
OK
OK
OK
OK
OK
OK
OK
OK
OK
OK
OK
OK
OK
OK
OK
OK
OK
OK
OK
OK
OK
OK
OK
OK
OK
OK
OK
OK
OK
OK
OK
OK
OK
OK
OK
OK
OK
OK
OK
OK
OK
OK
OK
OK
OK
OK
OK
OK
OK
OK
OK
OK
OK
OK
OK
OK
OK
OK
OK
OK
OK
OK
OK
